2026-05-16 10:29:38,418 [WARNING] Lỗi kiểm tra Token: <urlopen error timed out>
2026-05-16 10:29:38,419 [ERROR] 🚫 Lỗi kết nối GNOC. Hãy kiểm tra VPN!
2026-05-16 10:29:38,419 [ERROR] ❌ Không lấy được JWT Token. Quy trình dừng.
2026-05-16 10:29:38,419 [INFO] 🏁 Quy trình kết thúc.
========================================
2026-05-16 10:33:14,731 [INFO] 🚀 Token sẵn có vẫn tốt, bỏ qua bước đăng nhập.
2026-05-16 10:33:14,731 [INFO] 📡 Đang tải danh sách SR...
2026-05-16 10:33:17,428 [WARNING] ⚠️ Thử lại lần 1/3 do lỗi: 'list' object has no attribute 'get'
2026-05-16 10:33:25,038 [WARNING] ⚠️ Thử lại lần 2/3 do lỗi: 'list' object has no attribute 'get'
2026-05-16 10:33:32,583 [WARNING] ⚠️ Thử lại lần 3/3 do lỗi: 'list' object has no attribute 'get'
2026-05-16 10:33:37,589 [ERROR] ❌ Không thể tải dữ liệu tại trang 1 sau 3 lần thử.
2026-05-16 10:33:37,589 [INFO] ✅ Tổng cộng tải được 0 SR.
2026-05-16 10:33:37,592 [WARNING] ⚠️ Không có dữ liệu SR để phân tích.
2026-05-16 10:33:37,592 [INFO] 🏁 Quy trình kết thúc.
========================================
2026-05-16 10:35:24,056 [WARNING] Lỗi kiểm tra Token: <urlopen error [Errno 8] nodename nor servname provided, or not known>
2026-05-16 10:35:24,057 [ERROR] 🚫 Lỗi kết nối GNOC. Hãy kiểm tra VPN!
2026-05-16 10:35:24,057 [ERROR] ❌ Không lấy được JWT Token. Quy trình dừng.
2026-05-16 10:35:24,057 [INFO] 🏁 Quy trình kết thúc.
========================================
2026-05-16 10:38:27,525 [WARNING] Lỗi kiểm tra Token: <urlopen error [Errno 8] nodename nor servname provided, or not known>
2026-05-16 10:38:27,527 [ERROR] 🚫 Lỗi kết nối GNOC. Hãy kiểm tra VPN!
2026-05-16 10:38:27,528 [ERROR] ❌ Không lấy được JWT Token. Quy trình dừng.
2026-05-16 10:38:27,528 [INFO] 🏁 Quy trình kết thúc.
========================================
2026-05-16 10:40:40,728 [WARNING] Lỗi kết nối khi kiểm tra Token: HTTPSConnectionPool(host='gnoc.viettel.vn', port=9000): Max retries exceeded with url: / (Caused by ConnectTimeoutError(<HTTPSConnection(host='gnoc.viettel.vn', port=9000) at 0x1335df230>, 'Connection to gnoc.viettel.vn timed out. (connect timeout=15)'))
2026-05-16 10:40:40,728 [ERROR] 🚫 Lỗi kết nối GNOC. Hãy kiểm tra VPN!
2026-05-16 10:40:40,728 [ERROR] ❌ Không lấy được JWT Token. Quy trình dừng.
2026-05-16 10:40:40,728 [INFO] 🏁 Quy trình kết thúc.
========================================
2026-05-16 13:58:19,222 [WARNING] Lỗi kết nối khi kiểm tra Token: HTTPSConnectionPool(host='gnoc.viettel.vn', port=9000): Max retries exceeded with url: / (Caused by ConnectTimeoutError(<HTTPSConnection(host='gnoc.viettel.vn', port=9000) at 0x12e61b230>, 'Connection to gnoc.viettel.vn timed out. (connect timeout=15)'))
2026-05-16 13:58:19,225 [ERROR] 🚫 Lỗi kết nối GNOC. Hãy kiểm tra VPN!
2026-05-16 13:58:19,226 [ERROR] ❌ Không lấy được JWT Token. Quy trình dừng.
2026-05-16 13:58:19,226 [INFO] 🏁 Quy trình kết thúc.
========================================
2026-05-16 13:58:46,255 [INFO] 🚀 Token sẵn có vẫn tốt, bỏ qua bước đăng nhập.
2026-05-16 13:58:46,256 [INFO] 📡 Đang tải danh sách SR...
2026-05-16 13:58:46,371 [WARNING] ⚠️ Thử lại lần 1/3 do lỗi: 401 Client Error: Unauthorized for url: https://gnoc.viettel.vn:9003/sr-service/SR/getListSR
2026-05-16 13:58:51,499 [WARNING] ⚠️ Thử lại lần 2/3 do lỗi: 401 Client Error: Unauthorized for url: https://gnoc.viettel.vn:9003/sr-service/SR/getListSR
2026-05-16 13:58:56,630 [WARNING] ⚠️ Thử lại lần 3/3 do lỗi: 401 Client Error: Unauthorized for url: https://gnoc.viettel.vn:9003/sr-service/SR/getListSR
2026-05-16 13:59:01,635 [ERROR] ❌ Không thể tải dữ liệu tại trang 1 sau 3 lần thử.
2026-05-16 13:59:01,636 [INFO] ✅ Tổng cộng tải được 0 SR.
2026-05-16 13:59:01,637 [WARNING] ⚠️ Không có dữ liệu SR để phân tích.
2026-05-16 13:59:01,637 [INFO] 🏁 Quy trình kết thúc.
========================================
2026-05-16 14:01:14,815 [INFO] 🔑 Token cũ đã hết hạn thực tế.
2026-05-16 14:01:14,815 [INFO] 🔑 Đang khởi động Chrome ngầm để lấy Token mới...
2026-05-16 14:01:19,142 [INFO] ✅ Đã cập nhật Token mới thành công.
2026-05-16 14:01:19,142 [INFO] 📡 Đang tải danh sách SR...
2026-05-16 14:01:19,262 [WARNING] ⚠️ Token bị từ chối (401) trong khi tải dữ liệu.
2026-05-16 14:01:19,262 [INFO] 🔄 Đang thử đăng nhập lại để lấy Token mới...
2026-05-16 14:01:19,263 [INFO] 🔑 Đang khởi động Chrome ngầm để lấy Token mới...
2026-05-16 14:01:19,934 [INFO] ✅ Đã cập nhật Token mới thành công.
2026-05-16 14:01:19,934 [INFO] 📡 Đang tải danh sách SR...
2026-05-16 14:01:20,010 [WARNING] ⚠️ Token bị từ chối (401) trong khi tải dữ liệu.
2026-05-16 14:01:20,010 [INFO] 🏁 Quy trình kết thúc.
========================================
2026-05-16 14:03:23,326 [WARNING] Lỗi kết nối khi kiểm tra Token: HTTPSConnectionPool(host='gnoc.viettel.vn', port=9003): Max retries exceeded with url: /sr-service/SR/getListSR (Caused by NameResolutionError("HTTPSConnection(host='gnoc.viettel.vn', port=9003): Failed to resolve 'gnoc.viettel.vn' ([Errno 8] nodename nor servname provided, or not known)"))
2026-05-16 14:03:23,327 [ERROR] 🚫 Lỗi kết nối GNOC. Hãy kiểm tra VPN!
2026-05-16 14:03:23,327 [ERROR] ❌ Không lấy được JWT Token. Quy trình dừng.
2026-05-16 14:03:23,327 [INFO] 🏁 Quy trình kết thúc.
========================================
2026-05-16 14:04:42,971 [INFO] 🔑 Token cũ đã hết hạn thực tế.
2026-05-16 14:04:42,971 [INFO] 🔑 Đang khởi động Chrome ngầm để lấy Token mới...
2026-05-16 14:04:43,976 [INFO] 🎯 Đã bắt được Token từ URL: https://gnoc.viettel.vn:9003/common-stream-service/commonStreamAPI/getConfigIcon...
2026-05-16 14:04:43,976 [INFO] 🎯 Đã bắt được Token từ URL: https://gnoc.viettel.vn:9003/oauthVsa/validateTokenVsa?language=vi_VN&utcOffset=...
2026-05-16 14:04:47,794 [INFO] 🎯 Đã bắt được Token từ URL: https://gnoc.viettel.vn:9003/oauthVsa/validateTokenVsa?language=vi_VN&utcOffset=...
2026-05-16 14:04:47,998 [INFO] 🎯 Đã bắt được Token từ URL: https://gnoc.viettel.vn:9003/common-stream-service/commonStreamAPI/getConfigIcon...
2026-05-16 14:04:47,999 [INFO] 🎯 Đã bắt được Token từ URL: https://gnoc.viettel.vn:9003/oauthVsa/validateTokenVsa?language=vi_VN&utcOffset=...
2026-05-16 14:04:47,999 [INFO] 🎯 Đã bắt được Token từ URL: https://gnoc.viettel.vn:9003/common-stream-service/UsersService/validateRatingAp...
2026-05-16 14:04:48,104 [INFO] 🎯 Đã bắt được Token từ URL: https://gnoc.viettel.vn:9003/common-stream-service/commonStreamAPI/getConfigIcon...
2026-05-16 14:04:48,104 [INFO] 🎯 Đã bắt được Token từ URL: https://gnoc.viettel.vn:9003/oauthVsa/validateTokenVsa?language=vi_VN&utcOffset=...
2026-05-16 14:04:48,104 [INFO] 🎯 Đã bắt được Token từ URL: https://gnoc.viettel.vn:9003/common-stream-service/UsersService/validateRatingAp...
2026-05-16 14:04:48,289 [INFO] 🎯 Đã bắt được Token từ URL: https://gnoc.viettel.vn:9003/common-stream-service/commonStreamAPI/getAllGnocLan...
2026-05-16 14:04:48,289 [INFO] 🎯 Đã bắt được Token từ URL: https://gnoc.viettel.vn:9003/common-stream-service/commonStreamAPI/getAllGnocTim...
2026-05-16 14:04:48,381 [INFO] 🎯 Đã bắt được Token từ URL: https://gnoc.viettel.vn:9003/common-stream-service/GnocFileService/searchTemplat...
2026-05-16 14:04:48,401 [INFO] 🎯 Đã bắt được Token từ URL: https://gnoc.viettel.vn:9003/common-stream-service/commonStreamAPI/getDataTableD...
2026-05-16 14:04:48,401 [INFO] 🎯 Đã bắt được Token từ URL: https://gnoc.viettel.vn:9003/common-stream-service/commonStreamAPI/searchDataDas...
2026-05-16 14:04:57,837 [INFO] ✅ Đã cập nhật Token mới thành công.
2026-05-16 14:04:57,837 [INFO] 📡 Đang tải danh sách SR...
2026-05-16 14:05:00,321 [INFO] ✅ Đã tải trang 1 (+100 SR)
2026-05-16 14:05:00,321 [INFO] ✅ Tổng cộng tải được 100 SR.
2026-05-16 14:05:00,322 [INFO] 📊 Đang phân tích dữ liệu và chuẩn bị gửi NetChat...
2026-05-16 14:05:00,496 [INFO] 🎉 Đã gửi báo cáo thành công lên NetChat!
2026-05-16 14:05:00,496 [INFO] 🏁 Quy trình kết thúc.
========================================
2026-05-16 14:09:07,338 [WARNING] Lỗi kết nối khi kiểm tra Token: HTTPSConnectionPool(host='gnoc.viettel.vn', port=9003): Max retries exceeded with url: /sr-service/SR/getListSR (Caused by ConnectTimeoutError(<HTTPSConnection(host='gnoc.viettel.vn', port=9003) at 0x12eb2af90>, 'Connection to gnoc.viettel.vn timed out. (connect timeout=15)'))
2026-05-16 14:09:07,342 [ERROR] 🚫 Lỗi kết nối GNOC. Hãy kiểm tra VPN!
2026-05-16 14:09:07,342 [ERROR] ❌ Không lấy được JWT Token. Quy trình dừng.
2026-05-16 14:09:07,342 [INFO] 🏁 Quy trình kết thúc.
========================================
2026-05-16 14:09:38,981 [WARNING] Lỗi kết nối khi kiểm tra Token: HTTPSConnectionPool(host='gnoc.viettel.vn', port=9003): Read timed out. (read timeout=15)
2026-05-16 14:09:38,982 [ERROR] 🚫 Lỗi kết nối GNOC. Hãy kiểm tra VPN!
2026-05-16 14:09:38,982 [ERROR] ❌ Không lấy được JWT Token. Quy trình dừng.
2026-05-16 14:09:38,982 [INFO] 🏁 Quy trình kết thúc.
========================================
2026-05-16 14:10:03,816 [WARNING] Lỗi kết nối khi kiểm tra Token: HTTPSConnectionPool(host='gnoc.viettel.vn', port=9003): Read timed out. (read timeout=15)
2026-05-16 14:10:03,816 [ERROR] 🚫 Lỗi kết nối GNOC. Hãy kiểm tra VPN!
2026-05-16 14:10:03,816 [ERROR] ❌ Không lấy được JWT Token. Quy trình dừng.
2026-05-16 14:10:03,816 [INFO] 🏁 Quy trình kết thúc.
========================================
2026-05-16 14:10:35,797 [WARNING] Lỗi kết nối khi kiểm tra Token: HTTPSConnectionPool(host='gnoc.viettel.vn', port=9003): Read timed out. (read timeout=15)
2026-05-16 14:10:35,798 [ERROR] 🚫 Lỗi kết nối GNOC. Hãy kiểm tra VPN!
2026-05-16 14:10:35,798 [ERROR] ❌ Không lấy được JWT Token. Quy trình dừng.
2026-05-16 14:10:35,798 [INFO] 🏁 Quy trình kết thúc.
========================================
2026-05-16 14:11:01,720 [WARNING] Lỗi kết nối khi kiểm tra Token: HTTPSConnectionPool(host='gnoc.viettel.vn', port=9003): Read timed out. (read timeout=15)
2026-05-16 14:11:01,720 [ERROR] 🚫 Lỗi kết nối GNOC. Hãy kiểm tra VPN!
2026-05-16 14:11:01,721 [ERROR] ❌ Không lấy được JWT Token. Quy trình dừng.
2026-05-16 14:11:01,721 [INFO] 🏁 Quy trình kết thúc.
========================================
2026-05-16 14:12:12,599 [WARNING] Lỗi kết nối khi kiểm tra Token: HTTPSConnectionPool(host='gnoc.viettel.vn', port=9003): Read timed out. (read timeout=30)
2026-05-16 14:12:12,599 [ERROR] 🚫 Lỗi kết nối GNOC. Hãy kiểm tra VPN!
2026-05-16 14:12:12,599 [ERROR] ❌ Không lấy được JWT Token. Quy trình dừng.
2026-05-16 14:12:12,600 [INFO] 🏁 Quy trình kết thúc.
========================================
2026-05-16 14:13:24,889 [WARNING] Lỗi kết nối khi kiểm tra Token: HTTPSConnectionPool(host='gnoc.viettel.vn', port=9003): Max retries exceeded with url: /sr-service/SR/getListSR (Caused by NameResolutionError("HTTPSConnection(host='gnoc.viettel.vn', port=9003): Failed to resolve 'gnoc.viettel.vn' ([Errno 8] nodename nor servname provided, or not known)"))
2026-05-16 14:13:24,890 [WARNING] ⚠️ Lỗi kết nối khi check Token. Sẽ thử đăng nhập lại để làm mới kết nối...
2026-05-16 14:13:24,890 [INFO] 🔑 Đang khởi động Chrome ngầm để lấy Token mới...
2026-05-16 14:13:28,917 [INFO] 🎯 Đã bắt được Token từ URL: https://gnoc.viettel.vn:9003/common-stream-service/commonStreamAPI/getConfigIcon...
2026-05-16 14:13:28,918 [INFO] 🎯 Đã bắt được Token từ URL: https://gnoc.viettel.vn:9003/oauthVsa/validateTokenVsa?language=vi_VN&utcOffset=...
2026-05-16 14:13:29,198 [INFO] 🎯 Đã bắt được Token từ URL: https://gnoc.viettel.vn:9003/common-stream-service/UsersService/validateRatingAp...
2026-05-16 14:13:29,199 [INFO] 🎯 Đã bắt được Token từ URL: https://gnoc.viettel.vn:9003/common-stream-service/commonStreamAPI/getAllGnocLan...
2026-05-16 14:13:29,199 [INFO] 🎯 Đã bắt được Token từ URL: https://gnoc.viettel.vn:9003/common-stream-service/commonStreamAPI/getAllGnocTim...
2026-05-16 14:13:29,200 [INFO] 🎯 Đã bắt được Token từ URL: https://gnoc.viettel.vn:9003/common-stream-service/GnocFileService/searchTemplat...
2026-05-16 14:13:29,217 [INFO] 🎯 Đã bắt được Token từ URL: https://gnoc.viettel.vn:9003/common-stream-service/commonStreamAPI/getDataTableD...
2026-05-16 14:13:29,218 [INFO] 🎯 Đã bắt được Token từ URL: https://gnoc.viettel.vn:9003/common-stream-service/commonStreamAPI/searchDataDas...
2026-05-16 14:13:29,992 [INFO] ✅ Đã cập nhật Token mới thành công.
2026-05-16 14:13:29,992 [INFO] 📡 Đang tải danh sách SR...
2026-05-16 14:13:59,996 [WARNING] ⚠️ Thử lại lần 1/3 do lỗi: HTTPSConnectionPool(host='gnoc.viettel.vn', port=9003): Max retries exceeded with url: /sr-service/SR/getListSR (Caused by NameResolutionError("HTTPSConnection(host='gnoc.viettel.vn', port=9003): Failed to resolve 'gnoc.viettel.vn' ([Errno 8] nodename nor servname provided, or not known)"))
2026-05-16 14:14:01,113 [WARNING] Lỗi kết nối khi kiểm tra Token: HTTPSConnectionPool(host='gnoc.viettel.vn', port=9003): Max retries exceeded with url: /sr-service/SR/getListSR (Caused by NameResolutionError("HTTPSConnection(host='gnoc.viettel.vn', port=9003): Failed to resolve 'gnoc.viettel.vn' ([Errno 8] nodename nor servname provided, or not known)"))
2026-05-16 14:14:01,114 [WARNING] ⚠️ Lỗi kết nối khi check Token. Sẽ thử đăng nhập lại để làm mới kết nối...
2026-05-16 14:14:01,114 [INFO] 🔑 Đang khởi động Chrome ngầm để lấy Token mới...
2026-05-16 14:14:01,792 [INFO] 🎯 Đã bắt được Token từ URL: https://gnoc.viettel.vn:9003/common-stream-service/commonStreamAPI/getConfigIcon...
2026-05-16 14:14:01,792 [INFO] 🎯 Đã bắt được Token từ URL: https://gnoc.viettel.vn:9003/oauthVsa/validateTokenVsa?language=vi_VN&utcOffset=...
2026-05-16 14:14:02,095 [INFO] 🎯 Đã bắt được Token từ URL: https://gnoc.viettel.vn:9003/common-stream-service/UsersService/validateRatingAp...
2026-05-16 14:14:02,096 [INFO] 🎯 Đã bắt được Token từ URL: https://gnoc.viettel.vn:9003/common-stream-service/commonStreamAPI/getAllGnocLan...
2026-05-16 14:14:02,097 [INFO] 🎯 Đã bắt được Token từ URL: https://gnoc.viettel.vn:9003/common-stream-service/commonStreamAPI/getAllGnocTim...
2026-05-16 14:14:02,097 [INFO] 🎯 Đã bắt được Token từ URL: https://gnoc.viettel.vn:9003/common-stream-service/GnocFileService/searchTemplat...
2026-05-16 14:14:02,104 [INFO] 🎯 Đã bắt được Token từ URL: https://gnoc.viettel.vn:9003/common-stream-service/commonStreamAPI/getDataTableD...
2026-05-16 14:14:02,104 [INFO] 🎯 Đã bắt được Token từ URL: https://gnoc.viettel.vn:9003/common-stream-service/commonStreamAPI/searchDataDas...
2026-05-16 14:14:02,887 [INFO] ✅ Đã cập nhật Token mới thành công.
2026-05-16 14:14:02,887 [INFO] 📡 Đang tải danh sách SR...
2026-05-16 14:14:05,815 [INFO] ✅ Đã tải trang 1 (+100 SR)
2026-05-16 14:14:05,816 [INFO] ✅ Tổng cộng tải được 100 SR.
2026-05-16 14:14:05,817 [INFO] 📊 Đang phân tích dữ liệu và chuẩn bị gửi NetChat...
2026-05-16 14:14:05,961 [INFO] 🎉 Đã gửi báo cáo chi tiết thành công!
2026-05-16 14:14:05,962 [INFO] 🏁 Quy trình kết thúc.
========================================
2026-05-16 14:14:09,541 [INFO] ✅ Đã tải trang 1 (+100 SR)
2026-05-16 14:14:09,541 [INFO] ✅ Tổng cộng tải được 100 SR.
2026-05-16 14:14:09,541 [INFO] 📊 Đang phân tích dữ liệu và chuẩn bị gửi NetChat...
2026-05-16 14:14:09,684 [INFO] 🎉 Đã gửi báo cáo chi tiết thành công!
2026-05-16 14:14:09,684 [INFO] 🏁 Quy trình kết thúc.
========================================
2026-05-16 14:21:43,519 [WARNING] Lỗi kết nối khi kiểm tra Token: HTTPSConnectionPool(host='gnoc.viettel.vn', port=9003): Max retries exceeded with url: /sr-service/SR/getListSR (Caused by ConnectTimeoutError(<HTTPSConnection(host='gnoc.viettel.vn', port=9003) at 0x12e942f90>, 'Connection to gnoc.viettel.vn timed out. (connect timeout=30)'))
2026-05-16 14:21:43,523 [WARNING] ⚠️ Lỗi kết nối khi check Token. Sẽ thử đăng nhập lại để làm mới kết nối...
2026-05-16 14:21:43,523 [INFO] 🔑 Đang khởi động Chrome ngầm để lấy Token mới...
2026-05-16 14:21:47,554 [INFO] 🎯 Đã bắt được Token từ URL: https://gnoc.viettel.vn:9003/common-stream-service/commonStreamAPI/getConfigIcon...
2026-05-16 14:21:47,554 [INFO] 🎯 Đã bắt được Token từ URL: https://gnoc.viettel.vn:9003/oauthVsa/validateTokenVsa?language=vi_VN&utcOffset=...
2026-05-16 14:21:47,859 [INFO] 🎯 Đã bắt được Token từ URL: https://gnoc.viettel.vn:9003/common-stream-service/UsersService/validateRatingAp...
2026-05-16 14:21:47,861 [INFO] 🎯 Đã bắt được Token từ URL: https://gnoc.viettel.vn:9003/common-stream-service/commonStreamAPI/getAllGnocLan...
2026-05-16 14:21:47,861 [INFO] 🎯 Đã bắt được Token từ URL: https://gnoc.viettel.vn:9003/common-stream-service/commonStreamAPI/getAllGnocTim...
2026-05-16 14:21:47,862 [INFO] 🎯 Đã bắt được Token từ URL: https://gnoc.viettel.vn:9003/common-stream-service/GnocFileService/searchTemplat...
2026-05-16 14:21:47,881 [INFO] 🎯 Đã bắt được Token từ URL: https://gnoc.viettel.vn:9003/common-stream-service/commonStreamAPI/getDataTableD...
2026-05-16 14:21:47,881 [INFO] 🎯 Đã bắt được Token từ URL: https://gnoc.viettel.vn:9003/common-stream-service/commonStreamAPI/searchDataDas...
2026-05-16 14:21:49,151 [INFO] ✅ Đã cập nhật Token mới thành công.
2026-05-16 14:21:49,151 [INFO] 📡 Đang tải danh sách SR...
2026-05-16 14:21:51,727 [INFO] ✅ Đã tải trang 1 (+100 SR)
2026-05-16 14:21:51,727 [INFO] ✅ Tổng cộng tải được 100 SR.
2026-05-16 14:21:51,730 [INFO] 📊 Đang phân tích dữ liệu và chuẩn bị gửi NetChat...
2026-05-16 14:21:51,888 [INFO] 🎉 Đã gửi báo cáo chi tiết thành công!
2026-05-16 14:21:51,888 [INFO] 🏁 Quy trình kết thúc.
========================================
